[ 2020-01-11 23:30:16,878 ]	[ INFO ]	[Pi-Devastator] - Log opened
[ 2020-01-11 23:30:16,879 ]	[ INFO ]	[Pi-Devastator] - Starting Pi-Devastator
[ 2020-01-11 23:30:16,880 ]	[ INFO ]	[Pi-Devastator] - Setting GPIO mode to BOARD
[ 2020-01-11 23:30:16,881 ]	[ INFO ]	[Wheels] - Initialisation..
[ 2020-01-11 23:30:16,882 ]	[ INFO ]	[Wheels] - Setting up GPIO pins
[ 2020-01-11 23:30:16,882 ]	[ INFO ]	[Light] - Setting up GPIO pin
[ 2020-01-11 23:30:16,890 ]	[ INFO ]	[Light] - Flashing..
[ 2020-01-11 23:30:30,238 ]	[ INFO ]	[Pi-Devastator] - Cleaning GPIO pins..
[ 2020-01-11 23:30:30,238 ]	[ INFO ]	[Pi-Devastator] - Log closure
[ 2020-01-11 23:32:29,712 ]	[ INFO ]	[Pi-Devastator] - Log opened
[ 2020-01-11 23:32:29,713 ]	[ INFO ]	[Pi-Devastator] - Starting Pi-Devastator
[ 2020-01-11 23:32:29,713 ]	[ INFO ]	[Pi-Devastator] - Setting GPIO mode to BOARD
[ 2020-01-11 23:32:29,713 ]	[ INFO ]	[Wheels] - Initialisation..
[ 2020-01-11 23:32:29,713 ]	[ INFO ]	[Wheels] - Setting up GPIO pins
[ 2020-01-11 23:32:29,714 ]	[ INFO ]	[Light] - Setting up GPIO pin
[ 2020-01-11 23:32:29,715 ]	[ INFO ]	[Light] - Flashing..
[ 2020-01-11 23:32:39,258 ]	[ INFO ]	[Pi-Devastator] - Cleaning GPIO pins..
[ 2020-01-11 23:32:39,259 ]	[ INFO ]	[Pi-Devastator] - Log closure
[ 2020-01-11 23:33:46,253 ]	[ INFO ]	[Pi-Devastator] - Log opened
[ 2020-01-11 23:33:46,254 ]	[ INFO ]	[Pi-Devastator] - Starting Pi-Devastator
[ 2020-01-11 23:33:46,254 ]	[ INFO ]	[Pi-Devastator] - Setting GPIO mode to BOARD
[ 2020-01-11 23:33:46,254 ]	[ INFO ]	[Wheels] - Initialisation..
[ 2020-01-11 23:33:46,255 ]	[ INFO ]	[Wheels] - Setting up GPIO pins
[ 2020-01-11 23:33:46,255 ]	[ INFO ]	[Light] - Setting up GPIO pin
[ 2020-01-11 23:33:46,257 ]	[ INFO ]	[Light] - Flashing..
[ 2020-01-11 23:33:56,632 ]	[ INFO ]	[Pi-Devastator] - Cleaning GPIO pins..
[ 2020-01-11 23:33:56,632 ]	[ INFO ]	[Pi-Devastator] - Log closure
